<?xml version="1.0" encoding="UTF-8"?>
<testng-results skipped="0" failed="0" ignored="0" total="5" passed="5">
  <reporter-output>
  </reporter-output>
  <suite name="Default suite" duration-ms="53" started-at="2020-07-05T06:28:28Z" finished-at="2020-07-05T06:28:28Z">
    <groups>
    </groups>
    <test name="Default test" duration-ms="53" started-at="2020-07-05T06:28:28Z" finished-at="2020-07-05T06:28:28Z">
      <class name="Test.invocationTest">
        <test-method status="PASS" signature="f()[pri:0, instance:Test.invocationTest@5f375618]" name="f" duration-ms="11" started-at="2020-07-05T11:58:28Z" finished-at="2020-07-05T11:58:28Z">
          <reporter-output>
          </reporter-output>
        </test-method> <!-- f -->
        <test-method status="PASS" signature="f()[pri:0, instance:Test.invocationTest@5f375618]" name="f" duration-ms="2" started-at="2020-07-05T11:58:28Z" finished-at="2020-07-05T11:58:28Z">
          <reporter-output>
          </reporter-output>
        </test-method> <!-- f -->
        <test-method status="PASS" signature="f()[pri:0, instance:Test.invocationTest@5f375618]" name="f" duration-ms="3" started-at="2020-07-05T11:58:28Z" finished-at="2020-07-05T11:58:28Z">
          <reporter-output>
          </reporter-output>
        </test-method> <!-- f -->
        <test-method status="PASS" signature="f()[pri:0, instance:Test.invocationTest@5f375618]" name="f" duration-ms="2" started-at="2020-07-05T11:58:28Z" finished-at="2020-07-05T11:58:28Z">
          <reporter-output>
          </reporter-output>
        </test-method> <!-- f -->
        <test-method status="PASS" signature="f()[pri:0, instance:Test.invocationTest@5f375618]" name="f" duration-ms="2" started-at="2020-07-05T11:58:28Z" finished-at="2020-07-05T11:58:28Z">
          <reporter-output>
          </reporter-output>
        </test-method> <!-- f -->
      </class> <!-- Test.invocationTest -->
    </test> <!-- Default test -->
  </suite> <!-- Default suite -->
</testng-results>
