<?xml version="1.0" encoding="UTF-8"?>
<!-- Generated by org.testng.reporters.JUnitXMLReporter -->
<testsuite hostname="DESKTOP-9PJRA38" ignored="0" name="Default test" tests="5" failures="0" timestamp="05 Jul 2020 06:28:28 GMT" time="0.053" errors="0">
  <testcase name="f" time="0.011" classname="Test.invocationTest"/>
  <testcase name="f" time="0.002" classname="Test.invocationTest"/>
  <testcase name="f" time="0.003" classname="Test.invocationTest"/>
  <testcase name="f" time="0.002" classname="Test.invocationTest"/>
  <testcase name="f" time="0.002" classname="Test.invocationTest"/>
</testsuite> <!-- Default test -->
